# JRE version: Java(TM) SE Runtime Environment (10.0.2+13) (build 10.0.2+13)
# Java VM: Java HotSpot(TM) 64-Bit Server VM (10.0.2+13, mixed mode, tiered, compressed oops, g1 gc, bsd-amd64)
Heap:
 garbage-first heap   total 230400K, used 208951K [0x0000000740000000, 0x00000007c0000000)
  region size 1024K, 107 young (109568K), 8 survivors (8192K)
 Metaspace       used 61444K, capacity 63258K, committed 63900K, reserved 1105920K
  class space    used 7269K, capacity 8071K, committed 8140K, reserved 1048576K
GC Heap History (10 events):
Event: 661.221 GC heap before
{Heap before GC invocations=54 (full 0):
 garbage-first heap   total 230400K, used 202777K [0x0000000740000000, 0x00000007c0000000)
  region size 1024K, 115 young (117760K), 4 survivors (4096K)
 Metaspace       used 61074K, capacity 62917K, committed 63388K, reserved 1103872K
  class space    used 7250K, capacity 8063K, committed 8140K, reserved 1048576K
}
Event: 661.223 GC heap after
{Heap after GC invocations=55 (full 0):
 garbage-first heap   total 230400K, used 83994K [0x0000000740000000, 0x00000007c0000000)
  region size 1024K, 5 young (5120K), 5 survivors (5120K)
 Metaspace       used 61074K, capacity 62917K, committed 63388K, reserved 1103872K
  class space    used 7250K, capacity 8063K, committed 8140K, reserved 1048576K
}
Event: 661.653 GC heap before
{Heap before GC invocations=55 (full 0):
 garbage-first heap   total 230400K, used 203802K [0x0000000740000000, 0x00000007c0000000)
  region size 1024K, 116 young (118784K), 5 survivors (5120K)
 Metaspace       used 61079K, capacity 62917K, committed 63388K, reserved 1103872K
  class space    used 7250K, capacity 8063K, committed 8140K, reserved 1048576K
}
Event: 661.657 GC heap after
{Heap after GC invocations=56 (full 0):
 garbage-first heap   total 230400K, used 84964K [0x0000000740000000, 0x00000007c0000000)
  region size 1024K, 6 young (6144K), 6 survivors (6144K)
 Metaspace       used 61079K, capacity 62917K, committed 63388K, reserved 1103872K
  class space    used 7250K, capacity 8063K, committed 8140K, reserved 1048576K
}
Event: 661.869 GC heap before
{Heap before GC invocations=56 (full 0):
 garbage-first heap   total 230400K, used 204772K [0x0000000740000000, 0x00000007c0000000)
  region size 1024K, 117 young (119808K), 6 survivors (6144K)
 Metaspace       used 61086K, capacity 62917K, committed 63388K, reserved 1103872K
  class space    used 7250K, capacity 8063K, committed 8140K, reserved 1048576K
}
Event: 661.871 GC heap after
{Heap after GC invocations=57 (full 0):
 garbage-first heap   total 230400K, used 85875K [0x0000000740000000, 0x00000007c0000000)
  region size 1024K, 7 young (7168K), 7 survivors (7168K)
 Metaspace       used 61086K, capacity 62917K, committed 63388K, reserved 1103872K
  class space    used 7250K, capacity 8063K, committed 8140K, reserved 1048576K
}
Event: 662.043 GC heap before
{Heap before GC invocations=57 (full 0):
 garbage-first heap   total 230400K, used 201587K [0x0000000740000000, 0x00000007c0000000)
  region size 1024K, 117 young (119808K), 7 survivors (7168K)
 Metaspace       used 61091K, capacity 62917K, committed 63388K, reserved 1103872K
  class space    used 7250K, capacity 8063K, committed 8140K, reserved 1048576K
}
Event: 662.047 GC heap after
{Heap after GC invocations=58 (full 0):
 garbage-first heap   total 230400K, used 83383K [0x0000000740000000, 0x00000007c0000000)
  region size 1024K, 7 young (7168K), 7 survivors (7168K)
 Metaspace       used 61091K, capacity 62917K, committed 63388K, reserved 1103872K
  class space    used 7250K, capacity 8063K, committed 8140K, reserved 1048576K
}
Event: 662.253 GC heap before
{Heap before GC invocations=58 (full 0):
 garbage-first heap   total 230400K, used 204215K [0x0000000740000000, 0x00000007c0000000)
  region size 1024K, 119 young (121856K), 7 survivors (7168K)
 Metaspace       used 61095K, capacity 62917K, committed 63388K, reserved 1103872K
  class space    used 7250K, capacity 8063K, committed 8140K, reserved 1048576K
}
Event: 662.255 GC heap after
{Heap after GC invocations=59 (full 0):
 garbage-first heap   total 230400K, used 87095K [0x0000000740000000, 0x00000007c0000000)
  region size 1024K, 8 young (8192K), 8 survivors (8192K)
 Metaspace       used 61095K, capacity 62917K, committed 63388K, reserved 1103872K
  class space    used 7250K, capacity 8063K, committed 8140K, reserved 1048576K
}

