# JRE version: Java(TM) SE Runtime Environment (10.0.2+13) (build 10.0.2+13)
# Java VM: Java HotSpot(TM) 64-Bit Server VM (10.0.2+13, mixed mode, tiered, compressed oops, g1 gc, bsd-amd64)
Heap:
 garbage-first heap   total 212992K, used 151050K [0x0000000740000000, 0x00000007c0000000)
  region size 1024K, 85 young (87040K), 11 survivors (11264K)
 Metaspace       used 68711K, capacity 70660K, committed 71372K, reserved 1112064K
  class space    used 7975K, capacity 8808K, committed 8908K, reserved 1048576K
GC Heap History (10 events):
Event: 102.920 GC heap before
{Heap before GC invocations=54 (full 0):
 garbage-first heap   total 212992K, used 189212K [0x0000000740000000, 0x00000007c0000000)
  region size 1024K, 115 young (117760K), 5 survivors (5120K)
 Metaspace       used 61473K, capacity 63331K, committed 63948K, reserved 1105920K
  class space    used 7251K, capacity 8042K, committed 8140K, reserved 1048576K
}
Event: 102.928 GC heap after
{Heap after GC invocations=55 (full 0):
 garbage-first heap   total 212992K, used 70676K [0x0000000740000000, 0x00000007c0000000)
  region size 1024K, 5 young (5120K), 5 survivors (5120K)
 Metaspace       used 61473K, capacity 63331K, committed 63948K, reserved 1105920K
  class space    used 7251K, capacity 8042K, committed 8140K, reserved 1048576K
}
Event: 103.176 GC heap before
{Heap before GC invocations=55 (full 0):
 garbage-first heap   total 212992K, used 190484K [0x0000000740000000, 0x00000007c0000000)
  region size 1024K, 116 young (118784K), 5 survivors (5120K)
 Metaspace       used 61476K, capacity 63331K, committed 63948K, reserved 1105920K
  class space    used 7251K, capacity 8042K, committed 8140K, reserved 1048576K
}
Event: 103.190 GC heap after
{Heap after GC invocations=56 (full 0):
 garbage-first heap   total 212992K, used 74245K [0x0000000740000000, 0x00000007c0000000)
  region size 1024K, 6 young (6144K), 6 survivors (6144K)
 Metaspace       used 61476K, capacity 63331K, committed 63948K, reserved 1105920K
  class space    used 7251K, capacity 8042K, committed 8140K, reserved 1048576K
}
Event: 103.321 GC heap before
{Heap before GC invocations=56 (full 0):
 garbage-first heap   total 212992K, used 186885K [0x0000000740000000, 0x00000007c0000000)
  region size 1024K, 113 young (115712K), 6 survivors (6144K)
 Metaspace       used 61476K, capacity 63331K, committed 63948K, reserved 1105920K
  class space    used 7251K, capacity 8042K, committed 8140K, reserved 1048576K
}
Event: 103.325 GC heap after
{Heap after GC invocations=57 (full 0):
 garbage-first heap   total 212992K, used 71494K [0x0000000740000000, 0x00000007c0000000)
  region size 1024K, 6 young (6144K), 6 survivors (6144K)
 Metaspace       used 61476K, capacity 63331K, committed 63948K, reserved 1105920K
  class space    used 7251K, capacity 8042K, committed 8140K, reserved 1048576K
}
Event: 103.473 GC heap before
{Heap before GC invocations=57 (full 0):
 garbage-first heap   total 212992K, used 187206K [0x0000000740000000, 0x00000007c0000000)
  region size 1024K, 116 young (118784K), 6 survivors (6144K)
 Metaspace       used 61476K, capacity 63331K, committed 63948K, reserved 1105920K
  class space    used 7251K, capacity 8042K, committed 8140K, reserved 1048576K
}
Event: 103.488 GC heap after
{Heap after GC invocations=58 (full 0):
 garbage-first heap   total 212992K, used 72082K [0x0000000740000000, 0x00000007c0000000)
  region size 1024K, 7 young (7168K), 7 survivors (7168K)
 Metaspace       used 61476K, capacity 63331K, committed 63948K, reserved 1105920K
  class space    used 7251K, capacity 8042K, committed 8140K, reserved 1048576K
}
Event: 115.982 GC heap before
{Heap before GC invocations=58 (full 0):
 garbage-first heap   total 212992K, used 185746K [0x0000000740000000, 0x00000007c0000000)
  region size 1024K, 115 young (117760K), 7 survivors (7168K)
 Metaspace       used 62930K, capacity 64831K, committed 65484K, reserved 1105920K
  class space    used 7475K, capacity 8291K, committed 8396K, reserved 1048576K
}
Event: 115.987 GC heap after
{Heap after GC invocations=59 (full 0):
 garbage-first heap   total 212992K, used 76298K [0x0000000740000000, 0x00000007c0000000)
  region size 1024K, 11 young (11264K), 11 survivors (11264K)
 Metaspace       used 62930K, capacity 64831K, committed 65484K, reserved 1105920K
  class space    used 7475K, capacity 8291K, committed 8396K, reserved 1048576K
}

